<?xml version="1.0" encoding="UTF-8"?>
<!-- Generated by org.testng.reporters.JUnitXMLReporter -->
<testsuite hostname="DESKTOP-KHVE45V" ignored="0" name="GAZT Functional API Test Suite" tests="5" failures="0" timestamp="11 Dec 2018 17:43:34 GMT" time="4.705" errors="0">
  <testcase name="TC_01_getSingleUserTest" time="1.901" classname="com.api.Webservices.Test.TC01getSingleUserTest"/>
  <testcase name="TC_02_getListOfResources" time="0.69" classname="com.api.Webservices.Test.TC02getListOfResources"/>
  <testcase name="TC_03_getSingleResource" time="0.737" classname="com.api.Webservices.Test.TC03getSingleResource"/>
  <testcase name="TC_04_getSingleResourceNotFound" time="0.669" classname="com.api.Webservices.Test.TC04getSingleResourceNotFound"/>
  <testcase name="TC_05_postCreateNewUser" time="0.645" classname="com.api.Webservices.Test.TC05postCreateNewUser"/>
</testsuite> <!-- GAZT Functional API Test Suite -->
