<?xml version="1.0" encoding="UTF-8"?>
<!-- Generated by org.testng.reporters.JUnitXMLReporter -->
<testsuite hostname="DESKTOP-KHVE45V" ignored="0" name="Command line test" tests="4" failures="1" timestamp="11 Dec 2018 06:26:03 GMT" time="2.793" errors="0">
  <testcase name="TC_01_getSingleUserTest" time="1.658" classname="com.api.Test.HttpGetAPITest"/>
  <testcase name="TC_02_getListOfResources" time="0.004" classname="com.api.Test.HttpGetAPITest">
    <failure type="java.lang.NullPointerException">
      <![CDATA[java.lang.NullPointerException
at com.api.Test.HttpGetAPITest.TC_02_getListOfResources(HttpGetAPITest.java:54)
... Removed 34 stack frames]]>
    </failure>
  </testcase> <!-- TC_02_getListOfResources -->
  <testcase name="TC_03_getSingleResource" time="0.624" classname="com.api.Test.HttpGetAPITest"/>
  <testcase name="TC_04_getSingleResourceNotFound" time="0.429" classname="com.api.Test.HttpGetAPITest"/>
</testsuite> <!-- Command line test -->
