<?xml version="1.0" encoding="UTF-8"?>
<testsuite xmlns:xsi="http://www.w3.org/2001/XMLSchema-instance" xsi:noNamespaceSchemaLocation="https://maven.apache.org/surefire/maven-surefire-plugin/xsd/surefire-test-report.xsd" name="TestSuite" time="5.841" tests="5" errors="0" skipped="0" failures="0">
  <properties>
[...]
</properties>
  <testcase name="TC_01_getSingleUserTest" classname="com.api.Webservices.Test.TC01getSingleUserTest" time="1.902"/>
  <testcase name="TC_02_getListOfResources" classname="com.api.Webservices.Test.TC02getListOfResources" time="0.691"/>
  <testcase name="TC_03_getSingleResource" classname="com.api.Webservices.Test.TC03getSingleResource" time="0.736"/>
  <testcase name="TC_04_getSingleResourceNotFound" classname="com.api.Webservices.Test.TC04getSingleResourceNotFound" time="0.668"/>
  <testcase name="TC_05_postCreateNewUser" classname="com.api.Webservices.Test.TC05postCreateNewUser" time="0.648"/>
</testsuite>