<?xml version="1.0" encoding="UTF-8"?>
<!-- Generated by org.testng.reporters.JUnitXMLReporter -->
<testsuite hostname="DESKTOP-KHVE45V" ignored="0" name="GAZT Functional API Test Suite" tests="4" failures="0" timestamp="11 Dec 2018 12:22:37 GMT" time="3.847" errors="0">
  <testcase name="TC_01_getSingleUserTest" time="2.168" classname="com.api.Webservices.Test.TC01getSingleUserTest"/>
  <testcase name="TC_02_getListOfResources" time="0.471" classname="com.api.Webservices.Test.TC02getListOfResources"/>
  <testcase name="TC_03_getSingleResource" time="0.656" classname="com.api.Webservices.Test.TC03getSingleResource"/>
  <testcase name="TC_04_getSingleResourceNotFound" time="0.479" classname="com.api.Webservices.Test.TC04getSingleResourceNotFound"/>
</testsuite> <!-- GAZT Functional API Test Suite -->
