<?xml version="1.0" encoding="UTF-8"?>
<testng-results skipped="0" failed="0" ignored="0" total="1" passed="1">
  <reporter-output>
  </reporter-output>
  <suite name="Default suite" duration-ms="2563" started-at="2018-12-11T17:30:43Z" finished-at="2018-12-11T17:30:45Z">
    <groups>
    </groups>
    <test name="Default test" duration-ms="2563" started-at="2018-12-11T17:30:43Z" finished-at="2018-12-11T17:30:45Z">
      <class name="com.api.Webservices.Test.TC05postCreateNewUser">
        <test-method status="PASS" signature="setUp()[pri:0, instance:com.api.Webservices.Test.TC05postCreateNewUser@2a5ca609]" name="setUp" is-config="true" duration-ms="18" started-at="2018-12-11T17:30:43Z" finished-at="2018-12-11T17:30:43Z">
          <reporter-output>
          </reporter-output>
        </test-method> <!-- setUp -->
        <test-method status="PASS" signature="TC_05_postCreateNewUser()[pri:0, instance:com.api.Webservices.Test.TC05postCreateNewUser@2a5ca609]" name="TC_05_postCreateNewUser" duration-ms="2507" started-at="2018-12-11T17:30:43Z" finished-at="2018-12-11T17:30:45Z">
          <reporter-output>
          </reporter-output>
        </test-method> <!-- TC_05_postCreateNewUser -->
      </class> <!-- com.api.Webservices.Test.TC05postCreateNewUser -->
    </test> <!-- Default test -->
  </suite> <!-- Default suite -->
</testng-results>
